              :-) GROMACS - gmx grompp, 2021.5-EasyBuild-4.7.1 (-:

                            GROMACS is written by:
     Andrey Alekseenko              Emile Apol              Rossen Apostolov     
         Paul Bauer           Herman J.C. Berendsen           Par Bjelkmar       
       Christian Blau           Viacheslav Bolnykh             Kevin Boyd        
     Aldert van Buuren           Rudi van Drunen             Anton Feenstra      
    Gilles Gouaillardet             Alan Gray               Gerrit Groenhof      
       Anca Hamuraru            Vincent Hindriksen          M. Eric Irrgang      
      Aleksei Iupinov           Christoph Junghans             Joe Jordan        
    Dimitrios Karkoulis            Peter Kasson                Jiri Kraus        
      Carsten Kutzner              Per Larsson              Justin A. Lemkul     
       Viveca Lindahl            Magnus Lundborg             Erik Marklund       
        Pascal Merz             Pieter Meulenhoff            Teemu Murtola       
        Szilard Pall               Sander Pronk              Roland Schulz       
       Michael Shirts            Alexey Shvetsov             Alfons Sijbers      
       Peter Tieleman              Jon Vincent              Teemu Virolainen     
     Christian Wennberg            Maarten Wolf              Artem Zhmurov       
                           and the project leaders:
        Mark Abraham, Berk Hess, Erik Lindahl, and David van der Spoel

Copyright (c) 1991-2000, University of Groningen, The Netherlands.
Copyright (c) 2001-2019, The GROMACS development team at
Uppsala University, Stockholm University and
the Royal Institute of Technology, Sweden.
check out http://www.gromacs.org for more information.

GROMACS is free software; you can redistribute it and/or modify it
under the terms of the GNU Lesser General Public License
as published by the Free Software Foundation; either version 2.1
of the License, or (at your option) any later version.

GROMACS:      gmx grompp, version 2021.5-EasyBuild-4.7.1
Executable:   /trinity/shared/easybuild/software/GROMACS/2021.5-foss-2021b/bin/gmx
Data prefix:  /trinity/shared/easybuild/software/GROMACS/2021.5-foss-2021b
Working dir:  /home/jansea92/qmmm_revision
Command line:
  gmx grompp -p testopt.qmmm.top -c testopt.boxlarge.g96 -n testopt.qmmm.top.ndx -f testopt.mdp -o testopt.tpr -backup no

Ignoring obsolete mdp entry 'title'
Ignoring obsolete mdp entry 'cpp'
Ignoring obsolete mdp entry 'ns_type'

-------------------------------------------------------
Program:     gmx grompp, version 2021.5-EasyBuild-4.7.1
Source file: src/gromacs/gmxpreprocess/readir.cpp (line 390)

Fatal error:
The group cutoff scheme has been removed since GROMACS 2020. Please use the
Verlet cutoff scheme.

For more information and tips for troubleshooting, please check the GROMACS
website at http://www.gromacs.org/Documentation/Errors
-------------------------------------------------------

== Epilog Slurmctld ==================================================

Job ID: 16478994
Cluster: curta
User/Group: jansea92/root
State: FAILED (exit code 1)
Nodes: 1
Cores per node: 8
CPU Utilized: 00:00:01
CPU Efficiency: 6.25% of 00:00:16 core-walltime
Job Wall-clock time: 00:00:02
Memory Utilized: 0.00 MB (estimated maximum)
Memory Efficiency: 0.00% of 1000.00 MB (1000.00 MB/node)

======================================================================
