                      :-) GROMACS - gmx energy, 2019.4 (-:

                            GROMACS is written by:
     Emile Apol      Rossen Apostolov      Paul Bauer     Herman J.C. Berendsen
    Par Bjelkmar      Christian Blau   Viacheslav Bolnykh     Kevin Boyd    
 Aldert van Buuren   Rudi van Drunen     Anton Feenstra       Alan Gray     
  Gerrit Groenhof     Anca Hamuraru    Vincent Hindriksen  M. Eric Irrgang  
  Aleksei Iupinov   Christoph Junghans     Joe Jordan     Dimitrios Karkoulis
    Peter Kasson        Jiri Kraus      Carsten Kutzner      Per Larsson    
  Justin A. Lemkul    Viveca Lindahl    Magnus Lundborg     Erik Marklund   
    Pascal Merz     Pieter Meulenhoff    Teemu Murtola       Szilard Pall   
    Sander Pronk      Roland Schulz      Michael Shirts    Alexey Shvetsov  
   Alfons Sijbers     Peter Tieleman      Jon Vincent      Teemu Virolainen 
 Christian Wennberg    Maarten Wolf   
                           and the project leaders:
        Mark Abraham, Berk Hess, Erik Lindahl, and David van der Spoel

Copyright (c) 1991-2000, University of Groningen, The Netherlands.
Copyright (c) 2001-2018, The GROMACS development team at
Uppsala University, Stockholm University and
the Royal Institute of Technology, Sweden.
check out http://www.gromacs.org for more information.

GROMACS is free software; you can redistribute it and/or modify it
under the terms of the GNU Lesser General Public License
as published by the Free Software Foundation; either version 2.1
of the License, or (at your option) any later version.

GROMACS:      gmx energy, version 2019.4
Executable:   /scratch/spetry/Gromacs_bin/bin/gmx
Data prefix:  /scratch/spetry/Gromacs_bin
Working dir:  /home/jansea92/qmmm_revision/gro_input_output_step_1
Command line:
  gmx energy -f testopt.edr -o testopt.edr.xvg -backup no

Opened testopt.edr as single precision energy file

Select the terms you want from the following list by
selecting either (part of) the name or the number or a combination.
End your selection with an empty line or a zero.
-------------------------------------------------------------------
  1  Bond             2  Angle            3  Proper-Dih.      4  Improper-Dih. 
  5  LJ-14            6  Coulomb-14       7  LJ-(SR)          8  Coulomb-(SR)  
  9  Potential       10  Kinetic-En.     11  Total-Energy    12  Temperature   
 13  Pressure        14  Vir-XX          15  Vir-XY          16  Vir-XZ        
 17  Vir-YX          18  Vir-YY          19  Vir-YZ          20  Vir-ZX        
 21  Vir-ZY          22  Vir-ZZ          23  Pres-XX         24  Pres-XY       
 25  Pres-XZ         26  Pres-YX         27  Pres-YY         28  Pres-YZ       
 29  Pres-ZX         30  Pres-ZY         31  Pres-ZZ         32  #Surf*SurfTen 
 33  Coul-SR:QM-QM   34  LJ-SR:QM-QM     35  Coul-14:QM-QM   36  LJ-14:QM-QM   
 37  Coul-SR:QM-rest                     38  LJ-SR:QM-rest                     
 39  Coul-14:QM-rest                     40  LJ-14:QM-rest                     
 41  Coul-SR:rest-rest                   42  LJ-SR:rest-rest                   
 43  Coul-14:rest-rest                   44  LJ-14:rest-rest                   
 45  T-rest        


-------------------------------------------------------
Program:     gmx energy, version 2019.4
Source file: src/gromacs/gmxana/gmx_energy.cpp (line 296)

Fatal error:
No energy terms selected

For more information and tips for troubleshooting, please check the GROMACS
website at http://www.gromacs.org/Documentation/Errors
-------------------------------------------------------

== Epilog Slurmctld ==================================================

Job ID: 16864734
Cluster: curta
User/Group: jansea92/aggoetze
State: FAILED (exit code 1)
Nodes: 1
Cores per node: 8
CPU Utilized: 00:00:01
CPU Efficiency: 4.17% of 00:00:24 core-walltime
Job Wall-clock time: 00:00:03
Memory Utilized: 0.00 MB (estimated maximum)
Memory Efficiency: 0.00% of 1000.00 MB (1000.00 MB/node)

======================================================================
